<?xml version="1.0" encoding="UTF-8"?>
<!-- Generated by org.testng.reporters.JUnitReportReporter -->
<testsuite skipped="0" hostname="DESKTOP-E4K1GGV" name="com.gmail.testCases.TC_GmailLoginTestDDT_002" tests="4" failures="0" timestamp="05 Nov 2019 18:35:32 GMT" time="153.417" errors="0">
  <testcase name="loginDDT" time="63.373" classname="com.gmail.testCases.TC_GmailLoginTestDDT_002"/>
  <testcase name="loginDDT" time="3.581" classname="com.gmail.testCases.TC_GmailLoginTestDDT_002"/>
  <testcase name="loginDDT" time="3.799" classname="com.gmail.testCases.TC_GmailLoginTestDDT_002"/>
  <testcase name="loginDDT" time="82.664" classname="com.gmail.testCases.TC_GmailLoginTestDDT_002"/>
</testsuite> <!-- com.gmail.testCases.TC_GmailLoginTestDDT_002 -->
