<?xml version="1.0" encoding="UTF-8"?>
<!-- Generated by org.testng.reporters.JUnitReportReporter -->
<testsuite skipped="0" hostname="DESKTOP-E4K1GGV" name="com.gmail.testCases.TC_GmailLoginTest_001" tests="1" failures="0" timestamp="05 Nov 2019 18:35:32 GMT" time="55.876" errors="0">
  <testcase name="LoginTest" time="55.876" classname="com.gmail.testCases.TC_GmailLoginTest_001"/>
</testsuite> <!-- com.gmail.testCases.TC_GmailLoginTest_001 -->
