<?xml version="1.0" encoding="UTF-8"?>
<!-- Generated by org.testng.reporters.JUnitReportReporter -->
<testsuite skipped="0" hostname="DESKTOP-E4K1GGV" name="com.gmail.testCases.TC_GmailLoginTestDDT_002" tests="4" failures="0" timestamp="22 Nov 2019 06:21:29 GMT" time="102.832" errors="0">
  <testcase name="loginDDT" time="45.643" classname="com.gmail.testCases.TC_GmailLoginTestDDT_002"/>
  <testcase name="loginDDT" time="4.563" classname="com.gmail.testCases.TC_GmailLoginTestDDT_002"/>
  <testcase name="loginDDT" time="47.965" classname="com.gmail.testCases.TC_GmailLoginTestDDT_002"/>
  <testcase name="loginDDT" time="4.661" classname="com.gmail.testCases.TC_GmailLoginTestDDT_002"/>
</testsuite> <!-- com.gmail.testCases.TC_GmailLoginTestDDT_002 -->
