<?xml version="1.0" encoding="UTF-8"?>
<!-- Generated by org.testng.reporters.JUnitReportReporter -->
<testsuite skipped="0" hostname="DESKTOP-E4K1GGV" name="com.gmail.testCases.TC_GmailLoginTest_001" tests="1" failures="0" timestamp="22 Nov 2019 06:21:30 GMT" time="38.854" errors="0">
  <testcase name="LoginTest" time="38.854" classname="com.gmail.testCases.TC_GmailLoginTest_001"/>
</testsuite> <!-- com.gmail.testCases.TC_GmailLoginTest_001 -->
